# JRE version: 7.0_21-b11
# Java VM: Java HotSpot(TM) 64-Bit Server VM (23.21-b01 mixed mode windows-amd64 compressed oops)
Heap
 PSYoungGen      total 422016K, used 319894K [0x00000007ac160000, 0x00000007c7970000, 0x0000000800000000)
  eden space 393408K, 79% used [0x00000007ac160000,0x00000007bf168608,0x00000007c4190000)
  from space 28608K, 29% used [0x00000007c5d80000,0x00000007c65dd268,0x00000007c7970000)
  to   space 2752K, 0% used [0x00000007c52e0000,0x00000007c52e0000,0x00000007c5590000)
 ParOldGen       total 171840K, used 79720K [0x0000000704400000, 0x000000070ebd0000, 0x00000007ac160000)
  object space 171840K, 46% used [0x0000000704400000,0x00000007091da0a8,0x000000070ebd0000)
 PSPermGen       total 39296K, used 39295K [0x00000006ff200000, 0x0000000701860000, 0x0000000704400000)
  object space 39296K, 99% used [0x00000006ff200000,0x000000070185fc38,0x0000000701860000)
GC Heap History (10 events):
Event: 52.417 GC heap before
{Heap before GC invocations=24 (full 0):
 PSYoungGen      total 396160K, used 396160K [0x00000007ac160000, 0x00000007c7970000, 0x0000000800000000)
  eden space 393408K, 100% used [0x00000007ac160000,0x00000007c4190000,0x00000007c4190000)
  from space 2752K, 100% used [0x00000007c52e0000,0x00000007c5590000,0x00000007c5590000)
  to   space 28608K, 0% used [0x00000007c5d80000,0x00000007c5d80000,0x00000007c7970000)
 ParOldGen       total 171840K, used 60375K [0x0000000704400000, 0x000000070ebd0000, 0x00000007ac160000)
  object space 171840K, 35% used [0x0000000704400000,0x0000000707ef5d40,0x000000070ebd0000)
 PSPermGen       total 36992K, used 36811K [0x00000006ff200000, 0x0000000701620000, 0x0000000704400000)
  object space 36992K, 99% used [0x00000006ff200000,0x00000007015f2f08,0x0000000701620000)
Event: 52.428 GC heap after
Heap after GC invocations=24 (full 0):
 PSYoungGen      total 422016K, used 3412K [0x00000007ac160000, 0x00000007c7970000, 0x0000000800000000)
  eden space 393408K, 0% used [0x00000007ac160000,0x00000007ac160000,0x00000007c4190000)
  from space 28608K, 11% used [0x00000007c5d80000,0x00000007c60d5268,0x00000007c7970000)
  to   space 2752K, 0% used [0x00000007c52e0000,0x00000007c52e0000,0x00000007c5590000)
 ParOldGen       total 171840K, used 62531K [0x0000000704400000, 0x000000070ebd0000, 0x00000007ac160000)
  object space 171840K, 36% used [0x0000000704400000,0x0000000708110f28,0x000000070ebd0000)
 PSPermGen       total 36992K, used 36811K [0x00000006ff200000, 0x0000000701620000, 0x0000000704400000)
  object space 36992K, 99% used [0x00000006ff200000,0x00000007015f2f08,0x0000000701620000)
}
Event: 61.067 GC heap before
{Heap before GC invocations=25 (full 0):
 PSYoungGen      total 422016K, used 396820K [0x00000007ac160000, 0x00000007c7970000, 0x0000000800000000)
  eden space 393408K, 100% used [0x00000007ac160000,0x00000007c4190000,0x00000007c4190000)
  from space 28608K, 11% used [0x00000007c5d80000,0x00000007c60d5268,0x00000007c7970000)
  to   space 2752K, 0% used [0x00000007c52e0000,0x00000007c52e0000,0x00000007c5590000)
 ParOldGen       total 171840K, used 62531K [0x0000000704400000, 0x000000070ebd0000, 0x00000007ac160000)
  object space 171840K, 36% used [0x0000000704400000,0x0000000708110f28,0x000000070ebd0000)
 PSPermGen       total 37376K, used 37291K [0x00000006ff200000, 0x0000000701680000, 0x0000000704400000)
  object space 37376K, 99% used [0x00000006ff200000,0x000000070166ae18,0x0000000701680000)
Event: 61.214 GC heap after
Heap after GC invocations=25 (full 0):
 PSYoungGen      total 396160K, used 2731K [0x00000007ac160000, 0x00000007c7970000, 0x0000000800000000)
  eden space 393408K, 0% used [0x00000007ac160000,0x00000007ac160000,0x00000007c4190000)
  from space 2752K, 99% used [0x00000007c52e0000,0x00000007c558ae60,0x00000007c5590000)
  to   space 28608K, 0% used [0x00000007c5d80000,0x00000007c5d80000,0x00000007c7970000)
 ParOldGen       total 171840K, used 72037K [0x0000000704400000, 0x000000070ebd0000, 0x00000007ac160000)
  object space 171840K, 41% used [0x0000000704400000,0x0000000708a594c0,0x000000070ebd0000)
 PSPermGen       total 37376K, used 37291K [0x00000006ff200000, 0x0000000701680000, 0x0000000704400000)
  object space 37376K, 99% used [0x00000006ff200000,0x000000070166ae18,0x0000000701680000)
}
Event: 65.904 GC heap before
{Heap before GC invocations=26 (full 0):
 PSYoungGen      total 396160K, used 396139K [0x00000007ac160000, 0x00000007c7970000, 0x0000000800000000)
  eden space 393408K, 100% used [0x00000007ac160000,0x00000007c4190000,0x00000007c4190000)
  from space 2752K, 99% used [0x00000007c52e0000,0x00000007c558ae60,0x00000007c5590000)
  to   space 28608K, 0% used [0x00000007c5d80000,0x00000007c5d80000,0x00000007c7970000)
 ParOldGen       total 171840K, used 72037K [0x0000000704400000, 0x000000070ebd0000, 0x00000007ac160000)
  object space 171840K, 41% used [0x0000000704400000,0x0000000708a594c0,0x000000070ebd0000)
 PSPermGen       total 38144K, used 38060K [0x00000006ff200000, 0x0000000701740000, 0x0000000704400000)
  object space 38144K, 99% used [0x00000006ff200000,0x000000070172b360,0x0000000701740000)
Event: 66.255 GC heap after
Heap after GC invocations=26 (full 0):
 PSYoungGen      total 422016K, used 5222K [0x00000007ac160000, 0x00000007c7970000, 0x0000000800000000)
  eden space 393408K, 0% used [0x00000007ac160000,0x00000007ac160000,0x00000007c4190000)
  from space 28608K, 18% used [0x00000007c5d80000,0x00000007c6299a48,0x00000007c7970000)
  to   space 2752K, 0% used [0x00000007c52e0000,0x00000007c52e0000,0x00000007c5590000)
 ParOldGen       total 171840K, used 74162K [0x0000000704400000, 0x000000070ebd0000, 0x00000007ac160000)
  object space 171840K, 43% used [0x0000000704400000,0x0000000708c6c980,0x000000070ebd0000)
 PSPermGen       total 38144K, used 38060K [0x00000006ff200000, 0x0000000701740000, 0x0000000704400000)
  object space 38144K, 99% used [0x00000006ff200000,0x000000070172b360,0x0000000701740000)
}
Event: 71.126 GC heap before
{Heap before GC invocations=27 (full 0):
 PSYoungGen      total 422016K, used 398630K [0x00000007ac160000, 0x00000007c7970000, 0x0000000800000000)
  eden space 393408K, 100% used [0x00000007ac160000,0x00000007c4190000,0x00000007c4190000)
  from space 28608K, 18% used [0x00000007c5d80000,0x00000007c6299a48,0x00000007c7970000)
  to   space 2752K, 0% used [0x00000007c52e0000,0x00000007c52e0000,0x00000007c5590000)
 ParOldGen       total 171840K, used 74162K [0x0000000704400000, 0x000000070ebd0000, 0x00000007ac160000)
  object space 171840K, 43% used [0x0000000704400000,0x0000000708c6c980,0x000000070ebd0000)
 PSPermGen       total 39296K, used 39142K [0x00000006ff200000, 0x0000000701860000, 0x0000000704400000)
  object space 39296K, 99% used [0x00000006ff200000,0x0000000701839880,0x0000000701860000)
Event: 71.237 GC heap after
Heap after GC invocations=27 (full 0):
 PSYoungGen      total 396160K, used 1758K [0x00000007ac160000, 0x00000007c7970000, 0x0000000800000000)
  eden space 393408K, 0% used [0x00000007ac160000,0x00000007ac160000,0x00000007c4190000)
  from space 2752K, 63% used [0x00000007c52e0000,0x00000007c5497b50,0x00000007c5590000)
  to   space 28608K, 0% used [0x00000007c5d80000,0x00000007c5d80000,0x00000007c7970000)
 ParOldGen       total 171840K, used 78454K [0x0000000704400000, 0x000000070ebd0000, 0x00000007ac160000)
  object space 171840K, 45% used [0x0000000704400000,0x000000070909d9c8,0x000000070ebd0000)
 PSPermGen       total 39296K, used 39142K [0x00000006ff200000, 0x0000000701860000, 0x0000000704400000)
  object space 39296K, 99% used [0x00000006ff200000,0x0000000701839880,0x0000000701860000)
}
Event: 76.211 GC heap before
{Heap before GC invocations=28 (full 0):
 PSYoungGen      total 396160K, used 395166K [0x00000007ac160000, 0x00000007c7970000, 0x0000000800000000)
  eden space 393408K, 100% used [0x00000007ac160000,0x00000007c4190000,0x00000007c4190000)
  from space 2752K, 63% used [0x00000007c52e0000,0x00000007c5497b50,0x00000007c5590000)
  to   space 28608K, 0% used [0x00000007c5d80000,0x00000007c5d80000,0x00000007c7970000)
 ParOldGen       total 171840K, used 78454K [0x0000000704400000, 0x000000070ebd0000, 0x00000007ac160000)
  object space 171840K, 45% used [0x0000000704400000,0x000000070909d9c8,0x000000070ebd0000)
 PSPermGen       total 39296K, used 39195K [0x00000006ff200000, 0x0000000701860000, 0x0000000704400000)
  object space 39296K, 99% used [0x00000006ff200000,0x0000000701846ed0,0x0000000701860000)
Event: 76.224 GC heap after
Heap after GC invocations=28 (full 0):
 PSYoungGen      total 422016K, used 8564K [0x00000007ac160000, 0x00000007c7970000, 0x0000000800000000)
  eden space 393408K, 0% used [0x00000007ac160000,0x00000007ac160000,0x00000007c4190000)
  from space 28608K, 29% used [0x00000007c5d80000,0x00000007c65dd268,0x00000007c7970000)
  to   space 2752K, 0% used [0x00000007c52e0000,0x00000007c52e0000,0x00000007c5590000)
 ParOldGen       total 171840K, used 79720K [0x0000000704400000, 0x000000070ebd0000, 0x00000007ac160000)
  object space 171840K, 46% used [0x0000000704400000,0x00000007091da0a8,0x000000070ebd0000)
 PSPermGen       total 39296K, used 39195K [0x00000006ff200000, 0x0000000701860000, 0x0000000704400000)
  object space 39296K, 99% used [0x00000006ff200000,0x0000000701846ed0,0x0000000701860000)
}

